2025-05-20 22:27:28,456 [INFO] Activator:176 - 


2025-05-20 22:27:28,461 [INFO] Activator:177 - !SESSION log4j initialized
2025-05-20 22:27:33,873 [INFO] LogOutputStream:77 - [STDOUT_REDIRECT] 
2025-05-20 22:27:40,187 [INFO] ApplicationProperties:184 - Using Application install path: C:\ST\STM32CubeIDE_1.18.0\STM32CubeIDE\plugins\com.st.stm32cube.common.mx_6.14.0.202502271554
2025-05-20 22:27:40,203 [INFO] DbMcusXml:78 - Set database path to: C:\ST\STM32CubeIDE_1.18.0\STM32CubeIDE\plugins\com.st.stm32cube.common.mx_6.14.0.202502271554\\db\/mcu/
2025-05-20 22:27:40,204 [INFO] ApiDb:274 - Set plugin database path to: C:\ST\STM32CubeIDE_1.18.0\STM32CubeIDE\plugins\com.st.stm32cube.common.mx_6.14.0.202502271554\\db\/plugins/boardmanager/
2025-05-20 22:27:40,204 [WARN] ApiDb:259 - Overriding images path with different value:  => C:\ST\STM32CubeIDE_1.18.0\STM32CubeIDE\plugins\com.st.stm32cube.common.mx_6.14.0.202502271554\\db\/plugins/mcufinder/images/
2025-05-20 22:27:40,210 [INFO] ApiDb:250 - Set database path to: C:\Users\user\.stmcufinder\plugins\mcufinder//mcu/
2025-05-20 22:27:40,211 [INFO] DbMcusAds:125 - Set database path to: C:\Users\user\.stmcufinder\plugins\mcufinder//mcu/
2025-05-20 22:27:40,213 [INFO] CrossReferenceDbSqlite:203 - Set database path to: C:\Users\user\.stmcufinder\plugins\mcufinder//mcu/cs/
2025-05-20 22:27:40,337 [INFO] RulesReader:64 - Compatibility file has been processed (301 Rules)
2025-05-20 22:27:40,420 [INFO] DbMcusXml:78 - Set database path to: C:\ST\STM32CubeIDE_1.18.0\STM32CubeIDE\plugins\com.st.stm32cube.common.mx_6.14.0.202502271554\\db\/mcu/
2025-05-20 22:27:40,420 [INFO] ApiDb:274 - Set plugin database path to: C:\ST\STM32CubeIDE_1.18.0\STM32CubeIDE\plugins\com.st.stm32cube.common.mx_6.14.0.202502271554\\db\/plugins/boardmanager/
2025-05-20 22:27:40,421 [INFO] ApiDb:261 - Set plugin images path to: C:\ST\STM32CubeIDE_1.18.0\STM32CubeIDE\plugins\com.st.stm32cube.common.mx_6.14.0.202502271554\\db\/plugins/mcufinder/images/
2025-05-20 22:27:40,421 [WARN] DbFile:41 - Overriding database path with different value: C:\Users\user\.stmcufinder\plugins\mcufinder/ => C:\Users\user\.stmcufinder\plugins\mcufinder
2025-05-20 22:27:40,421 [INFO] ApiDb:250 - Set database path to: C:\Users\user\.stmcufinder\plugins\mcufinder//mcu/
2025-05-20 22:27:40,421 [WARN] DbFile:41 - Overriding database path with different value: C:\Users\user\.stmcufinder\plugins\mcufinder/ => C:\Users\user\.stmcufinder\plugins\mcufinder
2025-05-20 22:27:40,421 [INFO] DbMcusAds:125 - Set database path to: C:\Users\user\.stmcufinder\plugins\mcufinder//mcu/
2025-05-20 22:27:40,421 [WARN] DbFile:41 - Overriding database path with different value: C:\Users\user\.stmcufinder\plugins\mcufinder/ => C:\Users\user\.stmcufinder\plugins\mcufinder
2025-05-20 22:27:40,421 [WARN] DbFile:41 - Overriding database path with different value: C:\Users\user\.stmcufinder\plugins\mcufinder/ => C:\Users\user\.stmcufinder\plugins\mcufinder
2025-05-20 22:27:40,421 [INFO] CrossReferenceDbSqlite:203 - Set database path to: C:\Users\user\.stmcufinder\plugins\mcufinder//mcu/cs/
2025-05-20 22:27:40,488 [INFO] MainPanel:272 - HeapMemory: 268435456
2025-05-20 22:27:40,566 [INFO] DbMcusXml:78 - Set database path to: C:\ST\STM32CubeIDE_1.18.0\STM32CubeIDE\plugins\com.st.stm32cube.common.mx_6.14.0.202502271554\\db\/mcu/
2025-05-20 22:27:40,566 [INFO] ApiDb:274 - Set plugin database path to: C:\ST\STM32CubeIDE_1.18.0\STM32CubeIDE\plugins\com.st.stm32cube.common.mx_6.14.0.202502271554\\db\/plugins/boardmanager/
2025-05-20 22:27:40,566 [INFO] ApiDb:261 - Set plugin images path to: C:\ST\STM32CubeIDE_1.18.0\STM32CubeIDE\plugins\com.st.stm32cube.common.mx_6.14.0.202502271554\\db\/plugins/mcufinder/images/
2025-05-20 22:27:40,567 [WARN] DbFile:41 - Overriding database path with different value: C:\Users\user\.stmcufinder\plugins\mcufinder/ => C:\Users\user\.stmcufinder\plugins\mcufinder
2025-05-20 22:27:40,567 [INFO] ApiDb:250 - Set database path to: C:\Users\user\.stmcufinder\plugins\mcufinder//mcu/
2025-05-20 22:27:40,567 [WARN] DbFile:41 - Overriding database path with different value: C:\Users\user\.stmcufinder\plugins\mcufinder/ => C:\Users\user\.stmcufinder\plugins\mcufinder
2025-05-20 22:27:40,567 [INFO] DbMcusAds:125 - Set database path to: C:\Users\user\.stmcufinder\plugins\mcufinder//mcu/
2025-05-20 22:27:40,567 [WARN] DbFile:41 - Overriding database path with different value: C:\Users\user\.stmcufinder\plugins\mcufinder/ => C:\Users\user\.stmcufinder\plugins\mcufinder
2025-05-20 22:27:40,567 [WARN] DbFile:41 - Overriding database path with different value: C:\Users\user\.stmcufinder\plugins\mcufinder/ => C:\Users\user\.stmcufinder\plugins\mcufinder
2025-05-20 22:27:40,568 [INFO] CrossReferenceDbSqlite:203 - Set database path to: C:\Users\user\.stmcufinder\plugins\mcufinder//mcu/cs/
2025-05-20 22:27:40,587 [INFO] ApplicationProperties:184 - Using Application install path: C:\ST\STM32CubeIDE_1.18.0\STM32CubeIDE\plugins\com.st.stm32cube.common.mx_6.14.0.202502271554
2025-05-20 22:27:40,588 [INFO] PluginManage:196 - Search for loadable plugins [exclusion list=, ]
2025-05-20 22:27:40,589 [INFO] PluginManage:310 - Check plugin analytics
2025-05-20 22:27:45,283 [INFO] AnalyticsPlugin:253 - Accepted Software Licenses: STM32CubeMX.5.3.0
2025-05-20 22:27:45,284 [INFO] AnalyticsPlugin:255 - Accepted CMSIS Pack Licenses: 
2025-05-20 22:27:45,284 [INFO] AnalyticsPlugin:257 - Accepted Firmware Licenses: 
2025-05-20 22:27:45,286 [INFO] PluginManage:359 - Loaded plugin analytics (category:tool,tabindex:-1)
2025-05-20 22:27:45,286 [INFO] PluginManage:310 - Check plugin cadmodel
2025-05-20 22:27:45,291 [INFO] CADModel:105 - Init CAD model plugin
2025-05-20 22:27:45,291 [INFO] PluginManage:359 - Loaded plugin cadmodel (category:power,tabindex:5)
2025-05-20 22:27:45,291 [INFO] PluginManage:310 - Check plugin clock
2025-05-20 22:27:45,299 [INFO] PluginManage:359 - Loaded plugin clock (category:base,tabindex:2)
2025-05-20 22:27:45,299 [INFO] PluginManage:310 - Check plugin ddr
2025-05-20 22:27:45,300 [INFO] PluginManage:359 - Loaded plugin ddr (category:tool,tabindex:6)
2025-05-20 22:27:45,300 [INFO] PluginManage:310 - Check plugin filemanager
2025-05-20 22:27:45,434 [INFO] PluginManage:359 - Loaded plugin filemanager (category:base,tabindex:10)
2025-05-20 22:27:45,434 [INFO] PluginManage:310 - Check plugin ipmanager
2025-05-20 22:27:45,443 [INFO] PluginManage:359 - Loaded plugin ipmanager (category:base,tabindex:5)
2025-05-20 22:27:45,443 [INFO] PluginManage:310 - Check plugin lpbam
2025-05-20 22:27:45,450 [INFO] PluginManage:359 - Loaded plugin lpbam (category:base,tabindex:0)
2025-05-20 22:27:45,451 [INFO] PluginManage:310 - Check plugin memorymap
2025-05-20 22:27:45,464 [INFO] PluginManage:359 - Loaded plugin memorymap (category:base,tabindex:4)
2025-05-20 22:27:45,464 [INFO] PluginManage:310 - Check plugin pinoutandconfiguration
2025-05-20 22:27:45,472 [INFO] PluginManage:359 - Loaded plugin pinoutandconfiguration (category:base,tabindex:1)
2025-05-20 22:27:45,472 [INFO] PluginManage:310 - Check plugin pinoutconfig
2025-05-20 22:27:45,560 [WARN] SupportedApi:132 - Cannot load RTOS API schema: s4s-elt-must-match.1: The content of 'definitions' must match (annotation?, (simpleType | complexType)?, (unique | key | keyref)*)). A problem was found starting at: attribute.
2025-05-20 22:27:45,697 [INFO] PluginManage:359 - Loaded plugin pinoutconfig (category:base,tabindex:0)
2025-05-20 22:27:45,697 [INFO] PluginManage:310 - Check plugin power
2025-05-20 22:27:45,707 [INFO] PluginManage:359 - Loaded plugin power (category:power,tabindex:4)
2025-05-20 22:27:45,707 [INFO] PluginManage:310 - Check plugin projectmanager
2025-05-20 22:27:45,722 [INFO] PluginManage:359 - Loaded plugin projectmanager (category:projectmanager,tabindex:4)
2025-05-20 22:27:45,722 [INFO] PluginManage:310 - Check plugin rif
2025-05-20 22:27:45,728 [INFO] PluginManage:359 - Loaded plugin rif (category:base,tabindex:3)
2025-05-20 22:27:45,728 [INFO] PluginManage:310 - Check plugin thirdparty
2025-05-20 22:27:45,857 [INFO] PluginManage:359 - Loaded plugin thirdparty (category:base,tabindex:-1)
2025-05-20 22:27:45,857 [WARN] IntegrityCheckThread:84 - waiting for thirdparty lock release [integrity check]
2025-05-20 22:27:45,858 [INFO] PluginManage:310 - Check plugin tools
2025-05-20 22:27:45,858 [INFO] IntegrityCheckThread:86 - entering critical section [integrity check]
2025-05-20 22:27:45,858 [INFO] ThirdPartyUpdaterWithRetryManager:70 - Updater plugin not ready yet. [1/15]
2025-05-20 22:27:45,860 [INFO] PluginManage:359 - Loaded plugin tools (category:base,tabindex:7)
2025-05-20 22:27:45,860 [INFO] PluginManage:310 - Check plugin tutovideos
2025-05-20 22:27:46,033 [INFO] PluginManage:359 - Loaded plugin tutovideos (category:base,tabindex:-1)
2025-05-20 22:27:46,033 [INFO] PluginManage:310 - Check plugin updater
2025-05-20 22:27:46,053 [INFO] PluginManage:359 - Loaded plugin updater (category:base,tabindex:12)
2025-05-20 22:27:46,054 [INFO] PluginManage:310 - Check plugin userauth
2025-05-20 22:27:46,057 [INFO] UserAuth:118 - Init User Auth plugin
2025-05-20 22:27:46,057 [INFO] PluginManage:359 - Loaded plugin userauth (category:base,tabindex:14)
2025-05-20 22:27:46,058 [INFO] PluginManage:283 - PluginManage : Loaded plugins [18]
2025-05-20 22:27:46,259 [INFO] PinOutPanel:1589 - setPackage(No Configuration,No Configuration)
2025-05-20 22:27:46,342 [INFO] CADModel:165 - CPN selected for project level
2025-05-20 22:27:46,342 [INFO] CADModel:114 - Register for checkConnection events
2025-05-20 22:27:46,360 [INFO] IPUIPlugin:80 - create IPUIPlugin
2025-05-20 22:27:46,360 [INFO] PluginManager:220 - loadIPPluginJar : add adc
2025-05-20 22:27:46,362 [INFO] IPUIPlugin:80 - create IPUIPlugin
2025-05-20 22:27:46,363 [INFO] PluginManager:220 - loadIPPluginJar : add aes
2025-05-20 22:27:46,365 [INFO] IPUIPlugin:80 - create IPUIPlugin
2025-05-20 22:27:46,365 [INFO] PluginManager:220 - loadIPPluginJar : add can
2025-05-20 22:27:46,367 [INFO] IPUIPlugin:80 - create IPUIPlugin
2025-05-20 22:27:46,367 [INFO] PluginManager:220 - loadIPPluginJar : add comp
2025-05-20 22:27:46,370 [INFO] IPUIPlugin:80 - create IPUIPlugin
2025-05-20 22:27:46,370 [INFO] PluginManager:220 - loadIPPluginJar : add cryp
2025-05-20 22:27:46,373 [INFO] IPUIPlugin:80 - create IPUIPlugin
2025-05-20 22:27:46,373 [INFO] PluginManager:220 - loadIPPluginJar : add ddr_ctrl_phy
2025-05-20 22:27:46,376 [INFO] IPUIPlugin:80 - create IPUIPlugin
2025-05-20 22:27:46,376 [INFO] PluginManager:220 - loadIPPluginJar : add dfsdm
2025-05-20 22:27:46,381 [INFO] IPUIPlugin:80 - create IPUIPlugin
2025-05-20 22:27:46,381 [INFO] PluginManager:220 - loadIPPluginJar : add dma
2025-05-20 22:27:46,384 [INFO] IPUIPlugin:80 - create IPUIPlugin
2025-05-20 22:27:46,384 [INFO] PluginManager:220 - loadIPPluginJar : add dma3
2025-05-20 22:27:46,387 [INFO] IPUIPlugin:80 - create IPUIPlugin
2025-05-20 22:27:46,387 [INFO] PluginManager:220 - loadIPPluginJar : add extmemmanager
2025-05-20 22:27:46,388 [INFO] IPUIPlugin:80 - create IPUIPlugin
2025-05-20 22:27:46,388 [INFO] PluginManager:220 - loadIPPluginJar : add fatfs
2025-05-20 22:27:46,392 [INFO] IPUIPlugin:80 - create IPUIPlugin
2025-05-20 22:27:46,392 [INFO] PluginManager:220 - loadIPPluginJar : add fmc
2025-05-20 22:27:46,397 [INFO] IPUIPlugin:80 - create IPUIPlugin
2025-05-20 22:27:46,397 [INFO] PluginManager:220 - loadIPPluginJar : add freertos
2025-05-20 22:27:46,399 [INFO] IPUIPlugin:80 - create IPUIPlugin
2025-05-20 22:27:46,399 [INFO] PluginManager:220 - loadIPPluginJar : add genericplugin
2025-05-20 22:27:46,401 [INFO] IPUIPlugin:80 - create IPUIPlugin
2025-05-20 22:27:46,401 [INFO] PluginManager:220 - loadIPPluginJar : add gfxmmu
2025-05-20 22:27:46,407 [INFO] IPUIPlugin:80 - create IPUIPlugin
2025-05-20 22:27:46,408 [INFO] PluginManager:220 - loadIPPluginJar : add gic
2025-05-20 22:27:46,411 [INFO] IPUIPlugin:80 - create IPUIPlugin
2025-05-20 22:27:46,412 [INFO] PluginManager:220 - loadIPPluginJar : add gpio
2025-05-20 22:27:46,414 [INFO] IPUIPlugin:80 - create IPUIPlugin
2025-05-20 22:27:46,414 [INFO] PluginManager:220 - loadIPPluginJar : add gtzc
2025-05-20 22:27:46,417 [INFO] IPUIPlugin:80 - create IPUIPlugin
2025-05-20 22:27:46,417 [INFO] PluginManager:220 - loadIPPluginJar : add hash
2025-05-20 22:27:46,420 [INFO] IPUIPlugin:80 - create IPUIPlugin
2025-05-20 22:27:46,420 [INFO] PluginManager:220 - loadIPPluginJar : add i2c
2025-05-20 22:27:46,423 [INFO] IPUIPlugin:80 - create IPUIPlugin
2025-05-20 22:27:46,423 [INFO] PluginManager:220 - loadIPPluginJar : add i2s
2025-05-20 22:27:46,425 [INFO] IPUIPlugin:80 - create IPUIPlugin
2025-05-20 22:27:46,426 [INFO] PluginManager:220 - loadIPPluginJar : add i3c
2025-05-20 22:27:46,428 [INFO] IPUIPlugin:80 - create IPUIPlugin
2025-05-20 22:27:46,428 [INFO] PluginManager:220 - loadIPPluginJar : add ipddr
2025-05-20 22:27:46,435 [INFO] IPUIPlugin:80 - create IPUIPlugin
2025-05-20 22:27:46,435 [INFO] PluginManager:220 - loadIPPluginJar : add linkedlist
2025-05-20 22:27:46,438 [INFO] IPUIPlugin:80 - create IPUIPlugin
2025-05-20 22:27:46,438 [INFO] PluginManager:220 - loadIPPluginJar : add lorawan
2025-05-20 22:27:46,439 [INFO] IPUIPlugin:80 - create IPUIPlugin
2025-05-20 22:27:46,439 [INFO] PluginManager:220 - loadIPPluginJar : add ltdc
2025-05-20 22:27:46,444 [INFO] IPUIPlugin:80 - create IPUIPlugin
2025-05-20 22:27:46,445 [INFO] PluginManager:220 - loadIPPluginJar : add mdma
2025-05-20 22:27:46,448 [INFO] IPUIPlugin:80 - create IPUIPlugin
2025-05-20 22:27:46,448 [INFO] PluginManager:220 - loadIPPluginJar : add nvic
2025-05-20 22:27:46,450 [INFO] IPUIPlugin:80 - create IPUIPlugin
2025-05-20 22:27:46,451 [INFO] PluginManager:220 - loadIPPluginJar : add opamp
2025-05-20 22:27:46,454 [INFO] IPUIPlugin:80 - create IPUIPlugin
2025-05-20 22:27:46,454 [INFO] PluginManager:220 - loadIPPluginJar : add openamp
2025-05-20 22:27:46,457 [INFO] IPUIPlugin:80 - create IPUIPlugin
2025-05-20 22:27:46,458 [INFO] PluginManager:220 - loadIPPluginJar : add pdm2pcm
2025-05-20 22:27:46,463 [INFO] IPUIPlugin:80 - create IPUIPlugin
2025-05-20 22:27:46,466 [INFO] PluginManager:220 - loadIPPluginJar : add plateformsettings
2025-05-20 22:27:46,467 [INFO] IPUIPlugin:80 - create IPUIPlugin
2025-05-20 22:27:46,467 [INFO] PluginManager:220 - loadIPPluginJar : add quadspi
2025-05-20 22:27:46,469 [INFO] IPUIPlugin:80 - create IPUIPlugin
2025-05-20 22:27:46,470 [INFO] PluginManager:220 - loadIPPluginJar : add radio
2025-05-20 22:27:46,473 [INFO] IPUIPlugin:80 - create IPUIPlugin
2025-05-20 22:27:46,473 [INFO] PluginManager:220 - loadIPPluginJar : add resmgrutility
2025-05-20 22:27:46,476 [INFO] IPUIPlugin:80 - create IPUIPlugin
2025-05-20 22:27:46,476 [INFO] PluginManager:220 - loadIPPluginJar : add sai
2025-05-20 22:27:46,478 [INFO] IPUIPlugin:80 - create IPUIPlugin
2025-05-20 22:27:46,478 [INFO] PluginManager:220 - loadIPPluginJar : add spi
2025-05-20 22:27:46,484 [INFO] IPUIPlugin:80 - create IPUIPlugin
2025-05-20 22:27:46,484 [INFO] PluginManager:220 - loadIPPluginJar : add stm32_wpan
2025-05-20 22:27:46,486 [INFO] IPUIPlugin:80 - create IPUIPlugin
2025-05-20 22:27:46,486 [INFO] PluginManager:220 - loadIPPluginJar : add tim
2025-05-20 22:27:46,490 [INFO] IPUIPlugin:80 - create IPUIPlugin
2025-05-20 22:27:46,491 [INFO] PluginManager:220 - loadIPPluginJar : add touchsensing
2025-05-20 22:27:46,493 [INFO] IPUIPlugin:80 - create IPUIPlugin
2025-05-20 22:27:46,493 [INFO] PluginManager:220 - loadIPPluginJar : add tracer_emb
2025-05-20 22:27:46,495 [INFO] IPUIPlugin:80 - create IPUIPlugin
2025-05-20 22:27:46,495 [INFO] PluginManager:220 - loadIPPluginJar : add ts
2025-05-20 22:27:46,497 [INFO] IPUIPlugin:80 - create IPUIPlugin
2025-05-20 22:27:46,497 [INFO] PluginManager:220 - loadIPPluginJar : add tsc
2025-05-20 22:27:46,498 [INFO] IPUIPlugin:80 - create IPUIPlugin
2025-05-20 22:27:46,499 [INFO] PluginManager:220 - loadIPPluginJar : add ucpd
2025-05-20 22:27:46,501 [INFO] IPUIPlugin:80 - create IPUIPlugin
2025-05-20 22:27:46,501 [INFO] PluginManager:220 - loadIPPluginJar : add usart
2025-05-20 22:27:46,505 [INFO] IPUIPlugin:80 - create IPUIPlugin
2025-05-20 22:27:46,505 [INFO] PluginManager:220 - loadIPPluginJar : add usbx
2025-05-20 22:27:46,643 [FATAL] Updater:351 - Updater called before beeing initialized
2025-05-20 22:27:46,669 [INFO] RulesReader:64 - Compatibility file has been processed (301 Rules)
2025-05-20 22:27:46,681 [INFO] RulesReader:64 - Compatibility file has been processed (301 Rules)
2025-05-20 22:27:46,690 [INFO] CADModel:165 - CPN selected for project level
2025-05-20 22:27:46,690 [INFO] CADModel:114 - Register for checkConnection events
2025-05-20 22:27:46,690 [FATAL] Updater:351 - Updater called before beeing initialized
2025-05-20 22:27:46,690 [ERROR] CADModel:125 - Updater not yet initialized, retry later 
2025-05-20 22:27:46,813 [FATAL] Updater:351 - Updater called before beeing initialized
2025-05-20 22:27:46,814 [INFO] CADModel:165 - CPN selected for project level
2025-05-20 22:27:46,814 [INFO] CADModel:114 - Register for checkConnection events
2025-05-20 22:27:46,814 [FATAL] Updater:351 - Updater called before beeing initialized
2025-05-20 22:27:46,814 [ERROR] CADModel:125 - Updater not yet initialized, retry later 
2025-05-20 22:27:46,817 [FATAL] Updater:351 - Updater called before beeing initialized
2025-05-20 22:27:46,932 [FATAL] Updater:351 - Updater called before beeing initialized
2025-05-20 22:27:46,937 [INFO] DbMcusAds:53 - JSON generation date=Wed May 07 18:07:55 KST 2025 (1746608875679)
2025-05-20 22:27:46,937 [FATAL] Updater:351 - Updater called before beeing initialized
2025-05-20 22:27:46,973 [WARN] DetailPanel:346 - Failed to get advertising image, set to default
2025-05-20 22:27:47,259 [FATAL] Updater:351 - Updater called before beeing initialized
2025-05-20 22:27:47,260 [FATAL] Updater:351 - Updater called before beeing initialized
2025-05-20 22:27:47,260 [FATAL] Updater:351 - Updater called before beeing initialized
2025-05-20 22:27:47,260 [WARN] DetailPanel:346 - Failed to get advertising image, set to default
2025-05-20 22:27:47,261 [FATAL] Updater:351 - Updater called before beeing initialized
2025-05-20 22:27:47,308 [ERROR] Updater:1198 - MainUpdater not yet initialized. External WinMGr cannot be set.
2025-05-20 22:27:47,310 [INFO] Updater:1134 - Updater Version found : 6.14.0
2025-05-20 22:27:47,325 [INFO] ApplicationProperties:184 - Using Application install path: C:\ST\STM32CubeIDE_1.18.0\STM32CubeIDE\plugins\com.st.stm32cube.common.mx_6.14.0.202502271554
2025-05-20 22:27:47,676 [INFO] MainUpdater:2872 - connection check result : 10
2025-05-20 22:27:47,676 [INFO] MainUpdater:289 - Updater Check For Update Now.
2025-05-20 22:27:47,676 [INFO] MicroXplorer:498 - Change Database Version : DB.6.0.140
2025-05-20 22:27:47,681 [INFO] McuFinderGlobals:63 - Set McuFinder mode to 2 (CubeIDE integrated)
2025-05-20 22:27:47,681 [INFO] UserAuth:171 - activating auth plugin
2025-05-20 22:27:47,684 [INFO] UserAuth:486 - Internet connection configuration mode: 1
2025-05-20 22:27:47,699 [INFO] JxBrowserEngine:152 - Initiate JxBrowser Engine with user profile folder
2025-05-20 22:27:47,861 [INFO] CheckServerUpdateThread:120 - End of CheckServer Thread
2025-05-20 22:27:48,565 [INFO] WebApp:169 - Instantiating new browser for Auth
2025-05-20 22:27:49,168 [WARN] PackLoader:240 - Cannot read IP mode file for STMicroelectronics.FP-SNS-MOTENVWB1.1.4.0
2025-05-20 22:27:49,202 [WARN] PackLoader:240 - Cannot read IP mode file for STMicroelectronics.FP-ATR-ASTRA1.2.0.2
2025-05-20 22:27:49,218 [WARN] PackLoader:240 - Cannot read IP mode file for STMicroelectronics.X-CUBE-SMBUS.2.1.0
2025-05-20 22:27:49,232 [WARN] PackLoader:240 - Cannot read IP mode file for STMicroelectronics.X-CUBE-WB05N.1.1.0
2025-05-20 22:27:49,276 [WARN] PackLoader:240 - Cannot read IP mode file for STMicroelectronics.X-CUBE-AZRTOS-F7.1.1.0
2025-05-20 22:27:49,291 [WARN] PackLoader:240 - Cannot read IP mode file for STMicroelectronics.X-CUBE-BLE1.6.2.4
2025-05-20 22:27:49,322 [WARN] PackLoader:240 - Cannot read IP mode file for Infineon.AIROC-Wi-Fi-Bluetooth-STM32.1.7.0
2025-05-20 22:27:49,341 [WARN] PackLoader:240 - Cannot read IP mode file for STMicroelectronics.X-CUBE-DISPLAY.3.0.0
2025-05-20 22:27:49,354 [WARN] PackLoader:240 - Cannot read IP mode file for STMicroelectronics.X-CUBE-NFC10.1.0.0
2025-05-20 22:27:49,371 [WARN] PackLoader:240 - Cannot read IP mode file for STMicroelectronics.X-CUBE-BLEMGR.4.0.0
2025-05-20 22:27:49,375 [INFO] WebApp:463 - Apply proxy settings
2025-05-20 22:27:49,375 [INFO] WebApp:548 - Chromium requires no authentication
2025-05-20 22:27:49,380 [WARN] ConditionMgr:438 - getConditionDescription Invalid condition id : Cortex-A Device cause : null
2025-05-20 22:27:49,383 [INFO] WebApp:491 - Direct internet connection detected
2025-05-20 22:27:49,394 [WARN] ConditionMgr:1044 - genDependencies : Invalid condition id : Cortex-A Device cause : null
2025-05-20 22:27:49,395 [WARN] ConditionMgr:1044 - genDependencies : Invalid condition id : Cortex-A Device cause : null
2025-05-20 22:27:49,395 [WARN] ConditionMgr:1044 - genDependencies : Invalid condition id : Cortex-A Device cause : null
2025-05-20 22:27:49,398 [WARN] PackLoader:240 - Cannot read IP mode file for STMicroelectronics.X-CUBE-AI.10.0.0
2025-05-20 22:27:49,404 [WARN] PackLoader:240 - Cannot read IP mode file for STMicroelectronics.FP-SNS-SMARTAG2.1.2.0
2025-05-20 22:27:49,410 [WARN] PackLoader:240 - Cannot read IP mode file for STMicroelectronics.FP-SNS-FLIGHT1.5.1.0
2025-05-20 22:27:49,411 [INFO] WebApp:894 - Register for checkConnection events
2025-05-20 22:27:49,411 [INFO] WebApp:463 - Apply proxy settings
2025-05-20 22:27:49,411 [INFO] WebApp:548 - Chromium requires no authentication
2025-05-20 22:27:49,411 [INFO] WebApp:491 - Direct internet connection detected
2025-05-20 22:27:49,468 [WARN] PackLoader:240 - Cannot read IP mode file for STMicroelectronics.X-CUBE-MEMS1.11.1.0
2025-05-20 22:27:49,686 [INFO] WebApp:191 - Connection restablished
2025-05-20 22:27:49,709 [INFO] LogOutputStream:77 - [STDOUT_REDIRECT] 1 : Invalid condition id : UX_CORESTACK_Condition cause : null
2025-05-20 22:27:49,710 [INFO] LogOutputStream:77 - [STDOUT_REDIRECT] 1 : Invalid condition id : UX_CORESTACK_Condition cause : null
2025-05-20 22:27:49,712 [INFO] LogOutputStream:77 - [STDOUT_REDIRECT] 1 : Invalid condition id : UX_CORESTACK_Condition cause : null
2025-05-20 22:27:49,713 [INFO] LogOutputStream:77 - [STDOUT_REDIRECT] 1 : Invalid condition id : UX_CORESTACK_Condition cause : null
2025-05-20 22:27:49,715 [INFO] LogOutputStream:77 - [STDOUT_REDIRECT] 1 : Invalid condition id : UX_CORESTACK_Condition cause : null
2025-05-20 22:27:49,720 [WARN] PackLoader:240 - Cannot read IP mode file for STMicroelectronics.X-CUBE-AZRTOS-WL.2.0.0
2025-05-20 22:27:49,728 [INFO] WebApp:225 - Starting web application
2025-05-20 22:27:49,728 [INFO] WebApp:593 - Web application path used C:\ST\STM32CubeIDE_1.18.0\STM32CubeIDE\plugins\com.st.stm32cube.common.mx_6.14.0.202502271554\db\plugins\mcufinder\reactClient1\index.html
2025-05-20 22:27:49,729 [WARN] PackLoader:240 - Cannot read IP mode file for STMicroelectronics.FP-SNS-MOTENV1.5.0.0
2025-05-20 22:27:49,740 [WARN] PackLoader:240 - Cannot read IP mode file for WES.I-CUBE-Cesium.1.3.0
2025-05-20 22:27:49,745 [WARN] PackLoader:240 - Cannot read IP mode file for STMicroelectronics.X-CUBE-BLE2.3.3.0
2025-05-20 22:27:49,757 [WARN] PackLoader:240 - Cannot read IP mode file for STMicroelectronics.X-CUBE-TOF1.3.2.0
2025-05-20 22:27:49,775 [WARN] PackLoader:240 - Cannot read IP mode file for STMicroelectronics.X-CUBE-NFC9.1.0.0
2025-05-20 22:27:49,781 [WARN] PackLoader:240 - Cannot read IP mode file for STMicroelectronics.X-CUBE-BLE1.7.1.0
2025-05-20 22:27:49,787 [WARN] PackLoader:240 - Cannot read IP mode file for wolfSSL.I-CUBE-wolfMQTT.1.19.2
2025-05-20 22:27:49,792 [WARN] PackLoader:240 - Cannot read IP mode file for STMicroelectronics.X-CUBE-TOUCHGFX.4.21.1
2025-05-20 22:27:49,799 [WARN] PackLoader:240 - Cannot read IP mode file for STMicroelectronics.X-CUBE-ALGOBUILD.1.3.0
2025-05-20 22:27:49,854 [WARN] PackLoader:240 - Cannot read IP mode file for STMicroelectronics.X-CUBE-MEMS1.11.2.0
2025-05-20 22:27:49,985 [WARN] PackLoader:240 - Cannot read IP mode file for STMicroelectronics.X-CUBE-AZRTOS-G0.1.1.0
2025-05-20 22:27:49,995 [WARN] PackLoader:240 - Cannot read IP mode file for STMicroelectronics.X-CUBE-SAFEA1.1.2.2
2025-05-20 22:27:50,013 [WARN] PackLoader:240 - Cannot read IP mode file for STMicroelectronics.X-CUBE-NFC4.3.0.0
2025-05-20 22:27:50,032 [WARN] PackLoader:240 - Cannot read IP mode file for EmbeddedOffice.I-CUBE-FS-RTOS.1.0.1
2025-05-20 22:27:50,042 [WARN] PackLoader:240 - Cannot read IP mode file for STMicroelectronics.X-CUBE-WB05N.2.0.0
2025-05-20 22:27:50,049 [WARN] PackLoader:240 - Cannot read IP mode file for wolfSSL.I-CUBE-wolfTPM.3.8.0
2025-05-20 22:27:50,060 [WARN] PackLoader:240 - Cannot read IP mode file for STMicroelectronics.X-CUBE-TCPP.4.2.0
2025-05-20 22:27:50,068 [WARN] PackLoader:240 - Cannot read IP mode file for RealThread.X-CUBE-RT-Thread_Nano.4.1.1
2025-05-20 22:27:50,073 [WARN] PackLoader:240 - Cannot read IP mode file for STMicroelectronics.FP-ATR-SIGFOX1.3.2.0
2025-05-20 22:27:50,080 [WARN] PackLoader:240 - Cannot read IP mode file for STMicroelectronics.X-CUBE-EEPRMA1.5.1.0
2025-05-20 22:27:50,088 [WARN] PackLoader:240 - Cannot read IP mode file for ITTIA_DB.I-CUBE-ITTIADB.8.9.0
2025-05-20 22:27:50,128 [WARN] PackLoader:240 - Cannot read IP mode file for STMicroelectronics.X-CUBE-MEMS1.9.5.0
2025-05-20 22:27:50,284 [WARN] PackLoader:240 - Cannot read IP mode file for SEGGER.I-CUBE-embOS.1.3.1
2025-05-20 22:27:50,325 [WARN] PackLoader:240 - Cannot read IP mode file for STMicroelectronics.X-CUBE-ALGOBUILD.1.4.0
2025-05-20 22:27:50,334 [WARN] PackLoader:240 - Cannot read IP mode file for STMicroelectronics.X-CUBE-GNSS1.6.0.0
2025-05-20 22:27:50,358 [WARN] PackLoader:240 - Cannot read IP mode file for STMicroelectronics.X-CUBE-AZRTOS-F4.1.1.0
2025-05-20 22:27:50,367 [WARN] PackLoader:240 - Cannot read IP mode file for Avnet-IotConnect.X-CUBE-IoTC-DA16k-PMOD.1.0.0
2025-05-20 22:27:50,373 [WARN] PackLoader:240 - Cannot read IP mode file for STMicroelectronics.X-CUBE-ISPU.2.1.0
2025-05-20 22:27:50,409 [WARN] PackLoader:240 - Cannot read IP mode file for STMicroelectronics.X-CUBE-AZRTOS-L5.2.0.0
2025-05-20 22:27:50,418 [WARN] PackLoader:240 - Cannot read IP mode file for STMicroelectronics.X-CUBE-NFC6.3.1.0
2025-05-20 22:27:50,429 [WARN] PackLoader:240 - Cannot read IP mode file for emotas.I-CUBE-CANOPEN.1.1.3
2025-05-20 22:27:50,469 [WARN] PackLoader:240 - Cannot read IP mode file for STMicroelectronics.X-CUBE-BLEMGR.2.0.0
2025-05-20 22:27:50,480 [WARN] PackLoader:240 - Cannot read IP mode file for wolfSSL.I-CUBE-wolfSSL.5.5.4
2025-05-20 22:27:50,487 [WARN] PackLoader:240 - Cannot read IP mode file for STMicroelectronics.X-CUBE-FREERTOS.1.3.1
2025-05-20 22:27:50,492 [WARN] PackLoader:240 - Cannot read IP mode file for STMicroelectronics.X-CUBE-FREERTOS.1.3.0
2025-05-20 22:27:50,498 [WARN] PackLoader:240 - Cannot read IP mode file for STMicroelectronics.X-CUBE-NFC7.1.0.1
2025-05-20 22:27:50,505 [WARN] PackLoader:240 - Cannot read IP mode file for STMicroelectronics.X-CUBE-NFC7.1.0.0
2025-05-20 22:27:50,511 [WARN] PackLoader:240 - Cannot read IP mode file for STMicroelectronics.X-CUBE-EEPRMA1.4.1.0
2025-05-20 22:27:50,517 [WARN] PackLoader:240 - Cannot read IP mode file for STMicroelectronics.X-CUBE-DPower.1.3.0
2025-05-20 22:27:50,531 [WARN] ConditionMgr:438 - getConditionDescription Invalid condition id : LAN8742 Phy interface Condition cause : null
2025-05-20 22:27:50,532 [WARN] PackLoader:240 - Cannot read IP mode file for STMicroelectronics.X-CUBE-AZRTOS-L4.2.0.0
2025-05-20 22:27:50,533 [WARN] ConditionMgr:1044 - genDependencies : Invalid condition id : LAN8742 Phy interface Condition cause : null
2025-05-20 22:27:50,533 [WARN] ConditionMgr:1044 - genDependencies : Invalid condition id : LAN8742 Phy interface Condition cause : null
2025-05-20 22:27:50,534 [WARN] ConditionMgr:1044 - genDependencies : Invalid condition id : LAN8742 Phy interface Condition cause : null
2025-05-20 22:27:50,543 [WARN] PackLoader:240 - Cannot read IP mode file for STMicroelectronics.X-CUBE-SFXS2LP1.4.0.0
2025-05-20 22:27:50,560 [WARN] PackLoader:240 - Cannot read IP mode file for STMicroelectronics.X-CUBE-AZRTOS-H7.3.0.0
2025-05-20 22:27:50,565 [WARN] PackLoader:240 - Cannot read IP mode file for STMicroelectronics.X-CUBE-ISPU.1.1.0
2025-05-20 22:27:50,582 [WARN] PackLoader:240 - Cannot read IP mode file for STMicroelectronics.X-CUBE-AZRTOS-H7.3.3.0
2025-05-20 22:27:50,592 [WARN] PackLoader:240 - Cannot read IP mode file for RoweBots.I-CUBE-UNISONRTOS.5.5.0-4
2025-05-20 22:27:50,595 [WARN] PackLoader:240 - Cannot read IP mode file for STMicroelectronics.X-CUBE-AI.8.0.0
2025-05-20 22:27:50,608 [WARN] ConditionMgr:438 - getConditionDescription Invalid condition id : UX DEVICE CLASS RTOS Condition cause : null
2025-05-20 22:27:50,608 [WARN] ConditionMgr:438 - getConditionDescription Invalid condition id : UX DEVICE CLASS RTOS Condition cause : null
2025-05-20 22:27:50,610 [WARN] PackLoader:240 - Cannot read IP mode file for STMicroelectronics.X-CUBE-AZRTOS-WB.2.0.0
2025-05-20 22:27:50,610 [WARN] ConditionMgr:1044 - genDependencies : Invalid condition id : UX DEVICE CLASS RTOS Condition cause : null
2025-05-20 22:27:50,610 [WARN] ConditionMgr:1044 - genDependencies : Invalid condition id : UX DEVICE CLASS RTOS Condition cause : null
2025-05-20 22:27:50,611 [WARN] ConditionMgr:1044 - genDependencies : Invalid condition id : UX DEVICE CLASS RTOS Condition cause : null
2025-05-20 22:27:50,611 [WARN] ConditionMgr:1044 - genDependencies : Invalid condition id : UX DEVICE CLASS RTOS Condition cause : null
2025-05-20 22:27:50,611 [WARN] ConditionMgr:1044 - genDependencies : Invalid condition id : UX DEVICE CLASS RTOS Condition cause : null
2025-05-20 22:27:50,615 [WARN] PackLoader:240 - Cannot read IP mode file for STMicroelectronics.X-CUBE-FREERTOS.1.0.0
2025-05-20 22:27:50,620 [WARN] PackLoader:240 - Cannot read IP mode file for STMicroelectronics.X-CUBE-GNSS1.7.0.1
2025-05-20 22:27:50,624 [WARN] PackLoader:240 - Cannot read IP mode file for STMicroelectronics.X-CUBE-TOUCHGFX.4.25.0
2025-05-20 22:27:50,631 [WARN] PackLoader:240 - Cannot read IP mode file for STMicroelectronics.FP-SNS-STBOX1.2.0.0
2025-05-20 22:27:50,644 [WARN] PackLoader:240 - Cannot read IP mode file for STMicroelectronics.X-CUBE-AZRTOS-L5.1.1.0
2025-05-20 22:27:50,655 [WARN] PackLoader:240 - Cannot read IP mode file for STMicroelectronics.X-CUBE-SUBG2.5.0.0
2025-05-20 22:27:50,675 [WARN] PackLoader:240 - Cannot read IP mode file for STMicroelectronics.X-CUBE-AZRTOS-H7RS.1.1.0
2025-05-20 22:27:50,682 [WARN] PackLoader:240 - Cannot read IP mode file for Cesanta.I-CUBE-Mongoose.7.13.0
2025-05-20 22:27:50,701 [WARN] PackLoader:240 - Cannot read IP mode file for STMicroelectronics.X-CUBE-AZRTOS-G4.2.0.0
2025-05-20 22:27:50,707 [WARN] PackLoader:240 - Cannot read IP mode file for STMicroelectronics.FP-ATR-ASTRA1.1.1.1
2025-05-20 22:27:50,711 [WARN] PackLoader:240 - Cannot read IP mode file for wolfSSL.I-CUBE-wolfSSH.1.4.20
2025-05-20 22:27:50,714 [WARN] PackLoader:240 - Cannot read IP mode file for STMicroelectronics.X-CUBE-NFC7.2.0.0
2025-05-20 22:27:50,724 [WARN] PackLoader:240 - Cannot read IP mode file for STMicroelectronics.X-CUBE-AZRTOS-G4.1.0.0
2025-05-20 22:27:50,736 [WARN] PackLoader:240 - Cannot read IP mode file for STMicroelectronics.X-CUBE-AZRTOS-L4.1.0.0
2025-05-20 22:27:50,747 [WARN] PackLoader:240 - Cannot read IP mode file for STMicroelectronics.X-CUBE-IPS.3.1.0
2025-05-20 22:27:50,756 [WARN] PackLoader:240 - Cannot read IP mode file for STMicroelectronics.X-CUBE-ALS.1.0.2
2025-05-20 22:27:50,765 [WARN] PackLoader:240 - Cannot read IP mode file for STMicroelectronics.X-CUBE-AZRTOS-WL.1.0.0
2025-05-20 22:27:50,772 [WARN] PackLoader:240 - Cannot read IP mode file for portGmbH.I-Cube-SoM-uGOAL.1.1.0
2025-05-20 22:27:50,776 [WARN] PackLoader:240 - Cannot read IP mode file for STMicroelectronics.X-CUBE-ALS.1.0.1
2025-05-20 22:27:50,788 [WARN] PackLoader:240 - Cannot read IP mode file for STMicroelectronics.X-CUBE-AZRTOS-WB.1.1.0
2025-05-20 22:27:50,799 [WARN] PackLoader:240 - Cannot read IP mode file for STMicroelectronics.X-CUBE-TOF1.3.4.2
2025-05-20 22:27:50,817 [WARN] PackLoader:240 - Cannot read IP mode file for STMicroelectronics.X-CUBE-TOF1.3.4.3
2025-05-20 22:27:50,825 [INFO] ThirdParty:978 - Integrity check success = true
2025-05-20 22:27:50,825 [INFO] IntegrityCheckThread:100 - exiting critical section [integrity check]
2025-05-20 22:27:50,825 [INFO] IntegrityCheckThread:103 - End integrity checks thread
