2025-05-19 19:29:56,845 [INFO] Activator:176 - 


2025-05-19 19:29:56,851 [INFO] Activator:177 - !SESSION log4j initialized
2025-05-19 19:30:02,492 [INFO] LogOutputStream:77 - [STDOUT_REDIRECT] 
2025-05-19 19:30:08,660 [INFO] ApplicationProperties:184 - Using Application install path: C:\ST\STM32CubeIDE_1.18.0\STM32CubeIDE\plugins\com.st.stm32cube.common.mx_6.14.0.202502271554
2025-05-19 19:30:08,680 [INFO] DbMcusXml:78 - Set database path to: C:\ST\STM32CubeIDE_1.18.0\STM32CubeIDE\plugins\com.st.stm32cube.common.mx_6.14.0.202502271554\\db\/mcu/
2025-05-19 19:30:08,680 [INFO] ApiDb:274 - Set plugin database path to: C:\ST\STM32CubeIDE_1.18.0\STM32CubeIDE\plugins\com.st.stm32cube.common.mx_6.14.0.202502271554\\db\/plugins/boardmanager/
2025-05-19 19:30:08,680 [WARN] ApiDb:259 - Overriding images path with different value:  => C:\ST\STM32CubeIDE_1.18.0\STM32CubeIDE\plugins\com.st.stm32cube.common.mx_6.14.0.202502271554\\db\/plugins/mcufinder/images/
2025-05-19 19:30:08,691 [INFO] ApiDb:250 - Set database path to: C:\Users\user\.stmcufinder\plugins\mcufinder//mcu/
2025-05-19 19:30:08,692 [INFO] DbMcusAds:125 - Set database path to: C:\Users\user\.stmcufinder\plugins\mcufinder//mcu/
2025-05-19 19:30:08,695 [INFO] CrossReferenceDbSqlite:203 - Set database path to: C:\Users\user\.stmcufinder\plugins\mcufinder//mcu/cs/
2025-05-19 19:30:08,829 [INFO] RulesReader:64 - Compatibility file has been processed (301 Rules)
2025-05-19 19:30:08,926 [INFO] DbMcusXml:78 - Set database path to: C:\ST\STM32CubeIDE_1.18.0\STM32CubeIDE\plugins\com.st.stm32cube.common.mx_6.14.0.202502271554\\db\/mcu/
2025-05-19 19:30:08,927 [INFO] ApiDb:274 - Set plugin database path to: C:\ST\STM32CubeIDE_1.18.0\STM32CubeIDE\plugins\com.st.stm32cube.common.mx_6.14.0.202502271554\\db\/plugins/boardmanager/
2025-05-19 19:30:08,927 [INFO] ApiDb:261 - Set plugin images path to: C:\ST\STM32CubeIDE_1.18.0\STM32CubeIDE\plugins\com.st.stm32cube.common.mx_6.14.0.202502271554\\db\/plugins/mcufinder/images/
2025-05-19 19:30:08,927 [WARN] DbFile:41 - Overriding database path with different value: C:\Users\user\.stmcufinder\plugins\mcufinder/ => C:\Users\user\.stmcufinder\plugins\mcufinder
2025-05-19 19:30:08,927 [INFO] ApiDb:250 - Set database path to: C:\Users\user\.stmcufinder\plugins\mcufinder//mcu/
2025-05-19 19:30:08,927 [WARN] DbFile:41 - Overriding database path with different value: C:\Users\user\.stmcufinder\plugins\mcufinder/ => C:\Users\user\.stmcufinder\plugins\mcufinder
2025-05-19 19:30:08,927 [INFO] DbMcusAds:125 - Set database path to: C:\Users\user\.stmcufinder\plugins\mcufinder//mcu/
2025-05-19 19:30:08,927 [WARN] DbFile:41 - Overriding database path with different value: C:\Users\user\.stmcufinder\plugins\mcufinder/ => C:\Users\user\.stmcufinder\plugins\mcufinder
2025-05-19 19:30:08,928 [WARN] DbFile:41 - Overriding database path with different value: C:\Users\user\.stmcufinder\plugins\mcufinder/ => C:\Users\user\.stmcufinder\plugins\mcufinder
2025-05-19 19:30:08,928 [INFO] CrossReferenceDbSqlite:203 - Set database path to: C:\Users\user\.stmcufinder\plugins\mcufinder//mcu/cs/
2025-05-19 19:30:09,014 [INFO] MainPanel:272 - HeapMemory: 268435456
2025-05-19 19:30:09,139 [INFO] DbMcusXml:78 - Set database path to: C:\ST\STM32CubeIDE_1.18.0\STM32CubeIDE\plugins\com.st.stm32cube.common.mx_6.14.0.202502271554\\db\/mcu/
2025-05-19 19:30:09,139 [INFO] ApiDb:274 - Set plugin database path to: C:\ST\STM32CubeIDE_1.18.0\STM32CubeIDE\plugins\com.st.stm32cube.common.mx_6.14.0.202502271554\\db\/plugins/boardmanager/
2025-05-19 19:30:09,139 [INFO] ApiDb:261 - Set plugin images path to: C:\ST\STM32CubeIDE_1.18.0\STM32CubeIDE\plugins\com.st.stm32cube.common.mx_6.14.0.202502271554\\db\/plugins/mcufinder/images/
2025-05-19 19:30:09,140 [WARN] DbFile:41 - Overriding database path with different value: C:\Users\user\.stmcufinder\plugins\mcufinder/ => C:\Users\user\.stmcufinder\plugins\mcufinder
2025-05-19 19:30:09,140 [INFO] ApiDb:250 - Set database path to: C:\Users\user\.stmcufinder\plugins\mcufinder//mcu/
2025-05-19 19:30:09,140 [WARN] DbFile:41 - Overriding database path with different value: C:\Users\user\.stmcufinder\plugins\mcufinder/ => C:\Users\user\.stmcufinder\plugins\mcufinder
2025-05-19 19:30:09,140 [INFO] DbMcusAds:125 - Set database path to: C:\Users\user\.stmcufinder\plugins\mcufinder//mcu/
2025-05-19 19:30:09,140 [WARN] DbFile:41 - Overriding database path with different value: C:\Users\user\.stmcufinder\plugins\mcufinder/ => C:\Users\user\.stmcufinder\plugins\mcufinder
2025-05-19 19:30:09,140 [WARN] DbFile:41 - Overriding database path with different value: C:\Users\user\.stmcufinder\plugins\mcufinder/ => C:\Users\user\.stmcufinder\plugins\mcufinder
2025-05-19 19:30:09,140 [INFO] CrossReferenceDbSqlite:203 - Set database path to: C:\Users\user\.stmcufinder\plugins\mcufinder//mcu/cs/
2025-05-19 19:30:09,159 [INFO] ApplicationProperties:184 - Using Application install path: C:\ST\STM32CubeIDE_1.18.0\STM32CubeIDE\plugins\com.st.stm32cube.common.mx_6.14.0.202502271554
2025-05-19 19:30:09,160 [INFO] PluginManage:196 - Search for loadable plugins [exclusion list=, ]
2025-05-19 19:30:09,162 [INFO] PluginManage:310 - Check plugin analytics
2025-05-19 19:30:13,854 [INFO] AnalyticsPlugin:253 - Accepted Software Licenses: STM32CubeMX.5.3.0
2025-05-19 19:30:13,854 [INFO] AnalyticsPlugin:255 - Accepted CMSIS Pack Licenses: 
2025-05-19 19:30:13,855 [INFO] AnalyticsPlugin:257 - Accepted Firmware Licenses: 
2025-05-19 19:30:13,857 [INFO] PluginManage:359 - Loaded plugin analytics (category:tool,tabindex:-1)
2025-05-19 19:30:13,857 [INFO] PluginManage:310 - Check plugin cadmodel
2025-05-19 19:30:13,863 [INFO] CADModel:105 - Init CAD model plugin
2025-05-19 19:30:13,863 [INFO] PluginManage:359 - Loaded plugin cadmodel (category:power,tabindex:5)
2025-05-19 19:30:13,863 [INFO] PluginManage:310 - Check plugin clock
2025-05-19 19:30:13,873 [INFO] PluginManage:359 - Loaded plugin clock (category:base,tabindex:2)
2025-05-19 19:30:13,873 [INFO] PluginManage:310 - Check plugin ddr
2025-05-19 19:30:13,875 [INFO] PluginManage:359 - Loaded plugin ddr (category:tool,tabindex:6)
2025-05-19 19:30:13,876 [INFO] PluginManage:310 - Check plugin filemanager
2025-05-19 19:30:14,119 [INFO] PluginManage:359 - Loaded plugin filemanager (category:base,tabindex:10)
2025-05-19 19:30:14,119 [INFO] PluginManage:310 - Check plugin ipmanager
2025-05-19 19:30:14,126 [INFO] PluginManage:359 - Loaded plugin ipmanager (category:base,tabindex:5)
2025-05-19 19:30:14,126 [INFO] PluginManage:310 - Check plugin lpbam
2025-05-19 19:30:14,136 [INFO] PluginManage:359 - Loaded plugin lpbam (category:base,tabindex:0)
2025-05-19 19:30:14,136 [INFO] PluginManage:310 - Check plugin memorymap
2025-05-19 19:30:14,150 [INFO] PluginManage:359 - Loaded plugin memorymap (category:base,tabindex:4)
2025-05-19 19:30:14,150 [INFO] PluginManage:310 - Check plugin pinoutandconfiguration
2025-05-19 19:30:14,159 [INFO] PluginManage:359 - Loaded plugin pinoutandconfiguration (category:base,tabindex:1)
2025-05-19 19:30:14,160 [INFO] PluginManage:310 - Check plugin pinoutconfig
2025-05-19 19:30:14,252 [WARN] SupportedApi:132 - Cannot load RTOS API schema: s4s-elt-must-match.1: The content of 'definitions' must match (annotation?, (simpleType | complexType)?, (unique | key | keyref)*)). A problem was found starting at: attribute.
2025-05-19 19:30:14,390 [INFO] PluginManage:359 - Loaded plugin pinoutconfig (category:base,tabindex:0)
2025-05-19 19:30:14,390 [INFO] PluginManage:310 - Check plugin power
2025-05-19 19:30:14,403 [INFO] PluginManage:359 - Loaded plugin power (category:power,tabindex:4)
2025-05-19 19:30:14,403 [INFO] PluginManage:310 - Check plugin projectmanager
2025-05-19 19:30:14,428 [INFO] PluginManage:359 - Loaded plugin projectmanager (category:projectmanager,tabindex:4)
2025-05-19 19:30:14,428 [INFO] PluginManage:310 - Check plugin rif
2025-05-19 19:30:14,436 [INFO] PluginManage:359 - Loaded plugin rif (category:base,tabindex:3)
2025-05-19 19:30:14,436 [INFO] PluginManage:310 - Check plugin thirdparty
2025-05-19 19:30:14,571 [WARN] IntegrityCheckThread:84 - waiting for thirdparty lock release [integrity check]
2025-05-19 19:30:14,571 [INFO] PluginManage:359 - Loaded plugin thirdparty (category:base,tabindex:-1)
2025-05-19 19:30:14,571 [INFO] IntegrityCheckThread:86 - entering critical section [integrity check]
2025-05-19 19:30:14,571 [INFO] PluginManage:310 - Check plugin tools
2025-05-19 19:30:14,572 [INFO] ThirdPartyUpdaterWithRetryManager:70 - Updater plugin not ready yet. [1/15]
2025-05-19 19:30:14,574 [INFO] PluginManage:359 - Loaded plugin tools (category:base,tabindex:7)
2025-05-19 19:30:14,574 [INFO] PluginManage:310 - Check plugin tutovideos
2025-05-19 19:30:14,753 [INFO] PluginManage:359 - Loaded plugin tutovideos (category:base,tabindex:-1)
2025-05-19 19:30:14,753 [INFO] PluginManage:310 - Check plugin updater
2025-05-19 19:30:14,776 [INFO] PluginManage:359 - Loaded plugin updater (category:base,tabindex:12)
2025-05-19 19:30:14,776 [INFO] PluginManage:310 - Check plugin userauth
2025-05-19 19:30:14,780 [INFO] UserAuth:118 - Init User Auth plugin
2025-05-19 19:30:14,781 [INFO] PluginManage:359 - Loaded plugin userauth (category:base,tabindex:14)
2025-05-19 19:30:14,781 [INFO] PluginManage:283 - PluginManage : Loaded plugins [18]
2025-05-19 19:30:14,987 [INFO] PinOutPanel:1589 - setPackage(No Configuration,No Configuration)
2025-05-19 19:30:15,074 [INFO] CADModel:165 - CPN selected for project level
2025-05-19 19:30:15,074 [INFO] CADModel:114 - Register for checkConnection events
2025-05-19 19:30:15,093 [INFO] IPUIPlugin:80 - create IPUIPlugin
2025-05-19 19:30:15,094 [INFO] PluginManager:220 - loadIPPluginJar : add adc
2025-05-19 19:30:15,097 [INFO] IPUIPlugin:80 - create IPUIPlugin
2025-05-19 19:30:15,097 [INFO] PluginManager:220 - loadIPPluginJar : add aes
2025-05-19 19:30:15,100 [INFO] IPUIPlugin:80 - create IPUIPlugin
2025-05-19 19:30:15,101 [INFO] PluginManager:220 - loadIPPluginJar : add can
2025-05-19 19:30:15,102 [INFO] IPUIPlugin:80 - create IPUIPlugin
2025-05-19 19:30:15,103 [INFO] PluginManager:220 - loadIPPluginJar : add comp
2025-05-19 19:30:15,105 [INFO] IPUIPlugin:80 - create IPUIPlugin
2025-05-19 19:30:15,105 [INFO] PluginManager:220 - loadIPPluginJar : add cryp
2025-05-19 19:30:15,110 [INFO] IPUIPlugin:80 - create IPUIPlugin
2025-05-19 19:30:15,110 [INFO] PluginManager:220 - loadIPPluginJar : add ddr_ctrl_phy
2025-05-19 19:30:15,113 [INFO] IPUIPlugin:80 - create IPUIPlugin
2025-05-19 19:30:15,113 [INFO] PluginManager:220 - loadIPPluginJar : add dfsdm
2025-05-19 19:30:15,118 [INFO] IPUIPlugin:80 - create IPUIPlugin
2025-05-19 19:30:15,119 [INFO] PluginManager:220 - loadIPPluginJar : add dma
2025-05-19 19:30:15,122 [INFO] IPUIPlugin:80 - create IPUIPlugin
2025-05-19 19:30:15,122 [INFO] PluginManager:220 - loadIPPluginJar : add dma3
2025-05-19 19:30:15,125 [INFO] IPUIPlugin:80 - create IPUIPlugin
2025-05-19 19:30:15,125 [INFO] PluginManager:220 - loadIPPluginJar : add extmemmanager
2025-05-19 19:30:15,127 [INFO] IPUIPlugin:80 - create IPUIPlugin
2025-05-19 19:30:15,127 [INFO] PluginManager:220 - loadIPPluginJar : add fatfs
2025-05-19 19:30:15,132 [INFO] IPUIPlugin:80 - create IPUIPlugin
2025-05-19 19:30:15,132 [INFO] PluginManager:220 - loadIPPluginJar : add fmc
2025-05-19 19:30:15,138 [INFO] IPUIPlugin:80 - create IPUIPlugin
2025-05-19 19:30:15,138 [INFO] PluginManager:220 - loadIPPluginJar : add freertos
2025-05-19 19:30:15,140 [INFO] IPUIPlugin:80 - create IPUIPlugin
2025-05-19 19:30:15,140 [INFO] PluginManager:220 - loadIPPluginJar : add genericplugin
2025-05-19 19:30:15,142 [INFO] IPUIPlugin:80 - create IPUIPlugin
2025-05-19 19:30:15,142 [INFO] PluginManager:220 - loadIPPluginJar : add gfxmmu
2025-05-19 19:30:15,147 [INFO] IPUIPlugin:80 - create IPUIPlugin
2025-05-19 19:30:15,147 [INFO] PluginManager:220 - loadIPPluginJar : add gic
2025-05-19 19:30:15,152 [INFO] IPUIPlugin:80 - create IPUIPlugin
2025-05-19 19:30:15,152 [INFO] PluginManager:220 - loadIPPluginJar : add gpio
2025-05-19 19:30:15,155 [INFO] IPUIPlugin:80 - create IPUIPlugin
2025-05-19 19:30:15,155 [INFO] PluginManager:220 - loadIPPluginJar : add gtzc
2025-05-19 19:30:15,158 [INFO] IPUIPlugin:80 - create IPUIPlugin
2025-05-19 19:30:15,158 [INFO] PluginManager:220 - loadIPPluginJar : add hash
2025-05-19 19:30:15,162 [INFO] IPUIPlugin:80 - create IPUIPlugin
2025-05-19 19:30:15,162 [INFO] PluginManager:220 - loadIPPluginJar : add i2c
2025-05-19 19:30:15,165 [INFO] IPUIPlugin:80 - create IPUIPlugin
2025-05-19 19:30:15,165 [INFO] PluginManager:220 - loadIPPluginJar : add i2s
2025-05-19 19:30:15,168 [INFO] IPUIPlugin:80 - create IPUIPlugin
2025-05-19 19:30:15,168 [INFO] PluginManager:220 - loadIPPluginJar : add i3c
2025-05-19 19:30:15,172 [INFO] IPUIPlugin:80 - create IPUIPlugin
2025-05-19 19:30:15,172 [INFO] PluginManager:220 - loadIPPluginJar : add ipddr
2025-05-19 19:30:15,182 [INFO] IPUIPlugin:80 - create IPUIPlugin
2025-05-19 19:30:15,182 [INFO] PluginManager:220 - loadIPPluginJar : add linkedlist
2025-05-19 19:30:15,184 [INFO] IPUIPlugin:80 - create IPUIPlugin
2025-05-19 19:30:15,185 [INFO] PluginManager:220 - loadIPPluginJar : add lorawan
2025-05-19 19:30:15,186 [INFO] IPUIPlugin:80 - create IPUIPlugin
2025-05-19 19:30:15,186 [INFO] PluginManager:220 - loadIPPluginJar : add ltdc
2025-05-19 19:30:15,193 [INFO] IPUIPlugin:80 - create IPUIPlugin
2025-05-19 19:30:15,193 [INFO] PluginManager:220 - loadIPPluginJar : add mdma
2025-05-19 19:30:15,197 [INFO] IPUIPlugin:80 - create IPUIPlugin
2025-05-19 19:30:15,198 [INFO] PluginManager:220 - loadIPPluginJar : add nvic
2025-05-19 19:30:15,200 [INFO] IPUIPlugin:80 - create IPUIPlugin
2025-05-19 19:30:15,200 [INFO] PluginManager:220 - loadIPPluginJar : add opamp
2025-05-19 19:30:15,204 [INFO] IPUIPlugin:80 - create IPUIPlugin
2025-05-19 19:30:15,204 [INFO] PluginManager:220 - loadIPPluginJar : add openamp
2025-05-19 19:30:15,207 [INFO] IPUIPlugin:80 - create IPUIPlugin
2025-05-19 19:30:15,208 [INFO] PluginManager:220 - loadIPPluginJar : add pdm2pcm
2025-05-19 19:30:15,214 [INFO] IPUIPlugin:80 - create IPUIPlugin
2025-05-19 19:30:15,216 [INFO] PluginManager:220 - loadIPPluginJar : add plateformsettings
2025-05-19 19:30:15,217 [INFO] IPUIPlugin:80 - create IPUIPlugin
2025-05-19 19:30:15,218 [INFO] PluginManager:220 - loadIPPluginJar : add quadspi
2025-05-19 19:30:15,219 [INFO] IPUIPlugin:80 - create IPUIPlugin
2025-05-19 19:30:15,220 [INFO] PluginManager:220 - loadIPPluginJar : add radio
2025-05-19 19:30:15,225 [INFO] IPUIPlugin:80 - create IPUIPlugin
2025-05-19 19:30:15,225 [INFO] PluginManager:220 - loadIPPluginJar : add resmgrutility
2025-05-19 19:30:15,228 [INFO] IPUIPlugin:80 - create IPUIPlugin
2025-05-19 19:30:15,228 [INFO] PluginManager:220 - loadIPPluginJar : add sai
2025-05-19 19:30:15,231 [INFO] IPUIPlugin:80 - create IPUIPlugin
2025-05-19 19:30:15,231 [INFO] PluginManager:220 - loadIPPluginJar : add spi
2025-05-19 19:30:15,237 [INFO] IPUIPlugin:80 - create IPUIPlugin
2025-05-19 19:30:15,237 [INFO] PluginManager:220 - loadIPPluginJar : add stm32_wpan
2025-05-19 19:30:15,239 [INFO] IPUIPlugin:80 - create IPUIPlugin
2025-05-19 19:30:15,239 [INFO] PluginManager:220 - loadIPPluginJar : add tim
2025-05-19 19:30:15,242 [INFO] IPUIPlugin:80 - create IPUIPlugin
2025-05-19 19:30:15,242 [INFO] PluginManager:220 - loadIPPluginJar : add touchsensing
2025-05-19 19:30:15,245 [INFO] IPUIPlugin:80 - create IPUIPlugin
2025-05-19 19:30:15,245 [INFO] PluginManager:220 - loadIPPluginJar : add tracer_emb
2025-05-19 19:30:15,247 [INFO] IPUIPlugin:80 - create IPUIPlugin
2025-05-19 19:30:15,248 [INFO] PluginManager:220 - loadIPPluginJar : add ts
2025-05-19 19:30:15,249 [INFO] IPUIPlugin:80 - create IPUIPlugin
2025-05-19 19:30:15,249 [INFO] PluginManager:220 - loadIPPluginJar : add tsc
2025-05-19 19:30:15,251 [INFO] IPUIPlugin:80 - create IPUIPlugin
2025-05-19 19:30:15,252 [INFO] PluginManager:220 - loadIPPluginJar : add ucpd
2025-05-19 19:30:15,254 [INFO] IPUIPlugin:80 - create IPUIPlugin
2025-05-19 19:30:15,255 [INFO] PluginManager:220 - loadIPPluginJar : add usart
2025-05-19 19:30:15,258 [INFO] IPUIPlugin:80 - create IPUIPlugin
2025-05-19 19:30:15,258 [INFO] PluginManager:220 - loadIPPluginJar : add usbx
2025-05-19 19:30:15,391 [FATAL] Updater:351 - Updater called before beeing initialized
2025-05-19 19:30:15,416 [INFO] RulesReader:64 - Compatibility file has been processed (301 Rules)
2025-05-19 19:30:15,426 [INFO] RulesReader:64 - Compatibility file has been processed (301 Rules)
2025-05-19 19:30:15,433 [INFO] CADModel:165 - CPN selected for project level
2025-05-19 19:30:15,433 [INFO] CADModel:114 - Register for checkConnection events
2025-05-19 19:30:15,433 [FATAL] Updater:351 - Updater called before beeing initialized
2025-05-19 19:30:15,433 [ERROR] CADModel:125 - Updater not yet initialized, retry later 
2025-05-19 19:30:15,579 [FATAL] Updater:351 - Updater called before beeing initialized
2025-05-19 19:30:15,581 [INFO] CADModel:165 - CPN selected for project level
2025-05-19 19:30:15,582 [INFO] CADModel:114 - Register for checkConnection events
2025-05-19 19:30:15,582 [FATAL] Updater:351 - Updater called before beeing initialized
2025-05-19 19:30:15,582 [ERROR] CADModel:125 - Updater not yet initialized, retry later 
2025-05-19 19:30:15,584 [FATAL] Updater:351 - Updater called before beeing initialized
2025-05-19 19:30:15,694 [FATAL] Updater:351 - Updater called before beeing initialized
2025-05-19 19:30:15,698 [INFO] DbMcusAds:53 - JSON generation date=Wed May 07 18:07:55 KST 2025 (1746608875679)
2025-05-19 19:30:15,698 [FATAL] Updater:351 - Updater called before beeing initialized
2025-05-19 19:30:15,740 [WARN] DetailPanel:346 - Failed to get advertising image, set to default
2025-05-19 19:30:16,016 [FATAL] Updater:351 - Updater called before beeing initialized
2025-05-19 19:30:16,018 [FATAL] Updater:351 - Updater called before beeing initialized
2025-05-19 19:30:16,018 [FATAL] Updater:351 - Updater called before beeing initialized
2025-05-19 19:30:16,018 [WARN] DetailPanel:346 - Failed to get advertising image, set to default
2025-05-19 19:30:16,019 [FATAL] Updater:351 - Updater called before beeing initialized
2025-05-19 19:30:16,067 [ERROR] Updater:1198 - MainUpdater not yet initialized. External WinMGr cannot be set.
2025-05-19 19:30:16,069 [INFO] Updater:1134 - Updater Version found : 6.14.0
2025-05-19 19:30:16,090 [INFO] ApplicationProperties:184 - Using Application install path: C:\ST\STM32CubeIDE_1.18.0\STM32CubeIDE\plugins\com.st.stm32cube.common.mx_6.14.0.202502271554
2025-05-19 19:30:16,479 [INFO] MainUpdater:2872 - connection check result : 10
2025-05-19 19:30:16,480 [INFO] MainUpdater:289 - Updater Check For Update Now.
2025-05-19 19:30:16,480 [INFO] MicroXplorer:498 - Change Database Version : DB.6.0.140
2025-05-19 19:30:16,486 [INFO] McuFinderGlobals:63 - Set McuFinder mode to 2 (CubeIDE integrated)
2025-05-19 19:30:16,486 [INFO] UserAuth:171 - activating auth plugin
2025-05-19 19:30:16,488 [INFO] UserAuth:486 - Internet connection configuration mode: 1
2025-05-19 19:30:16,510 [INFO] JxBrowserEngine:152 - Initiate JxBrowser Engine with user profile folder
2025-05-19 19:30:16,662 [INFO] CheckServerUpdateThread:120 - End of CheckServer Thread
2025-05-19 19:30:17,908 [WARN] PackLoader:240 - Cannot read IP mode file for STMicroelectronics.FP-SNS-MOTENVWB1.1.4.0
2025-05-19 19:30:17,920 [WARN] PackLoader:240 - Cannot read IP mode file for STMicroelectronics.FP-ATR-ASTRA1.2.0.2
2025-05-19 19:30:17,931 [WARN] PackLoader:240 - Cannot read IP mode file for STMicroelectronics.X-CUBE-SMBUS.2.1.0
2025-05-19 19:30:17,943 [WARN] PackLoader:240 - Cannot read IP mode file for STMicroelectronics.X-CUBE-WB05N.1.1.0
2025-05-19 19:30:17,982 [WARN] PackLoader:240 - Cannot read IP mode file for STMicroelectronics.X-CUBE-AZRTOS-F7.1.1.0
2025-05-19 19:30:17,994 [WARN] PackLoader:240 - Cannot read IP mode file for STMicroelectronics.X-CUBE-BLE1.6.2.4
2025-05-19 19:30:18,022 [WARN] PackLoader:240 - Cannot read IP mode file for Infineon.AIROC-Wi-Fi-Bluetooth-STM32.1.7.0
2025-05-19 19:30:18,037 [WARN] PackLoader:240 - Cannot read IP mode file for STMicroelectronics.X-CUBE-DISPLAY.3.0.0
2025-05-19 19:30:18,050 [WARN] PackLoader:240 - Cannot read IP mode file for STMicroelectronics.X-CUBE-NFC10.1.0.0
2025-05-19 19:30:18,062 [WARN] PackLoader:240 - Cannot read IP mode file for STMicroelectronics.X-CUBE-BLEMGR.4.0.0
2025-05-19 19:30:18,071 [WARN] ConditionMgr:438 - getConditionDescription Invalid condition id : Cortex-A Device cause : null
2025-05-19 19:30:18,083 [WARN] ConditionMgr:1044 - genDependencies : Invalid condition id : Cortex-A Device cause : null
2025-05-19 19:30:18,084 [WARN] ConditionMgr:1044 - genDependencies : Invalid condition id : Cortex-A Device cause : null
2025-05-19 19:30:18,084 [WARN] ConditionMgr:1044 - genDependencies : Invalid condition id : Cortex-A Device cause : null
2025-05-19 19:30:18,088 [WARN] PackLoader:240 - Cannot read IP mode file for STMicroelectronics.X-CUBE-AI.10.0.0
2025-05-19 19:30:18,093 [WARN] PackLoader:240 - Cannot read IP mode file for STMicroelectronics.FP-SNS-SMARTAG2.1.2.0
2025-05-19 19:30:18,098 [WARN] PackLoader:240 - Cannot read IP mode file for STMicroelectronics.FP-SNS-FLIGHT1.5.1.0
2025-05-19 19:30:18,113 [INFO] WebApp:169 - Instantiating new browser for Auth
2025-05-19 19:30:18,162 [WARN] PackLoader:240 - Cannot read IP mode file for STMicroelectronics.X-CUBE-MEMS1.11.1.0
2025-05-19 19:30:18,388 [INFO] LogOutputStream:77 - [STDOUT_REDIRECT] 1 : Invalid condition id : UX_CORESTACK_Condition cause : null
2025-05-19 19:30:18,389 [INFO] LogOutputStream:77 - [STDOUT_REDIRECT] 1 : Invalid condition id : UX_CORESTACK_Condition cause : null
2025-05-19 19:30:18,391 [INFO] LogOutputStream:77 - [STDOUT_REDIRECT] 1 : Invalid condition id : UX_CORESTACK_Condition cause : null
2025-05-19 19:30:18,392 [INFO] LogOutputStream:77 - [STDOUT_REDIRECT] 1 : Invalid condition id : UX_CORESTACK_Condition cause : null
2025-05-19 19:30:18,395 [INFO] LogOutputStream:77 - [STDOUT_REDIRECT] 1 : Invalid condition id : UX_CORESTACK_Condition cause : null
2025-05-19 19:30:18,400 [WARN] PackLoader:240 - Cannot read IP mode file for STMicroelectronics.X-CUBE-AZRTOS-WL.2.0.0
2025-05-19 19:30:18,410 [WARN] PackLoader:240 - Cannot read IP mode file for STMicroelectronics.FP-SNS-MOTENV1.5.0.0
2025-05-19 19:30:18,424 [WARN] PackLoader:240 - Cannot read IP mode file for WES.I-CUBE-Cesium.1.3.0
2025-05-19 19:30:18,431 [WARN] PackLoader:240 - Cannot read IP mode file for STMicroelectronics.X-CUBE-BLE2.3.3.0
2025-05-19 19:30:18,444 [WARN] PackLoader:240 - Cannot read IP mode file for STMicroelectronics.X-CUBE-TOF1.3.2.0
2025-05-19 19:30:18,459 [WARN] PackLoader:240 - Cannot read IP mode file for STMicroelectronics.X-CUBE-NFC9.1.0.0
2025-05-19 19:30:18,467 [WARN] PackLoader:240 - Cannot read IP mode file for STMicroelectronics.X-CUBE-BLE1.7.1.0
2025-05-19 19:30:18,473 [WARN] PackLoader:240 - Cannot read IP mode file for wolfSSL.I-CUBE-wolfMQTT.1.19.2
2025-05-19 19:30:18,480 [WARN] PackLoader:240 - Cannot read IP mode file for STMicroelectronics.X-CUBE-TOUCHGFX.4.21.1
2025-05-19 19:30:18,486 [WARN] PackLoader:240 - Cannot read IP mode file for STMicroelectronics.X-CUBE-ALGOBUILD.1.3.0
2025-05-19 19:30:18,527 [WARN] PackLoader:240 - Cannot read IP mode file for STMicroelectronics.X-CUBE-MEMS1.11.2.0
2025-05-19 19:30:18,618 [WARN] PackLoader:240 - Cannot read IP mode file for STMicroelectronics.X-CUBE-AZRTOS-G0.1.1.0
2025-05-19 19:30:18,625 [WARN] PackLoader:240 - Cannot read IP mode file for STMicroelectronics.X-CUBE-SAFEA1.1.2.2
2025-05-19 19:30:18,631 [WARN] PackLoader:240 - Cannot read IP mode file for STMicroelectronics.X-CUBE-NFC4.3.0.0
2025-05-19 19:30:18,639 [WARN] PackLoader:240 - Cannot read IP mode file for EmbeddedOffice.I-CUBE-FS-RTOS.1.0.1
2025-05-19 19:30:18,646 [WARN] PackLoader:240 - Cannot read IP mode file for STMicroelectronics.X-CUBE-WB05N.2.0.0
2025-05-19 19:30:18,651 [WARN] PackLoader:240 - Cannot read IP mode file for wolfSSL.I-CUBE-wolfTPM.3.8.0
2025-05-19 19:30:18,657 [WARN] PackLoader:240 - Cannot read IP mode file for STMicroelectronics.X-CUBE-TCPP.4.2.0
2025-05-19 19:30:18,666 [WARN] PackLoader:240 - Cannot read IP mode file for RealThread.X-CUBE-RT-Thread_Nano.4.1.1
2025-05-19 19:30:18,670 [WARN] PackLoader:240 - Cannot read IP mode file for STMicroelectronics.FP-ATR-SIGFOX1.3.2.0
2025-05-19 19:30:18,679 [WARN] PackLoader:240 - Cannot read IP mode file for STMicroelectronics.X-CUBE-EEPRMA1.5.1.0
2025-05-19 19:30:18,689 [WARN] PackLoader:240 - Cannot read IP mode file for ITTIA_DB.I-CUBE-ITTIADB.8.9.0
2025-05-19 19:30:18,725 [WARN] PackLoader:240 - Cannot read IP mode file for STMicroelectronics.X-CUBE-MEMS1.9.5.0
2025-05-19 19:30:18,847 [WARN] PackLoader:240 - Cannot read IP mode file for SEGGER.I-CUBE-embOS.1.3.1
2025-05-19 19:30:18,874 [WARN] PackLoader:240 - Cannot read IP mode file for STMicroelectronics.X-CUBE-ALGOBUILD.1.4.0
2025-05-19 19:30:18,880 [WARN] PackLoader:240 - Cannot read IP mode file for STMicroelectronics.X-CUBE-GNSS1.6.0.0
2025-05-19 19:30:18,892 [WARN] PackLoader:240 - Cannot read IP mode file for STMicroelectronics.X-CUBE-AZRTOS-F4.1.1.0
2025-05-19 19:30:18,897 [WARN] PackLoader:240 - Cannot read IP mode file for Avnet-IotConnect.X-CUBE-IoTC-DA16k-PMOD.1.0.0
2025-05-19 19:30:18,902 [WARN] PackLoader:240 - Cannot read IP mode file for STMicroelectronics.X-CUBE-ISPU.2.1.0
2025-05-19 19:30:18,915 [WARN] PackLoader:240 - Cannot read IP mode file for STMicroelectronics.X-CUBE-AZRTOS-L5.2.0.0
2025-05-19 19:30:18,923 [WARN] PackLoader:240 - Cannot read IP mode file for STMicroelectronics.X-CUBE-NFC6.3.1.0
2025-05-19 19:30:18,931 [WARN] PackLoader:240 - Cannot read IP mode file for emotas.I-CUBE-CANOPEN.1.1.3
2025-05-19 19:30:18,944 [WARN] PackLoader:240 - Cannot read IP mode file for STMicroelectronics.X-CUBE-BLEMGR.2.0.0
2025-05-19 19:30:18,951 [WARN] PackLoader:240 - Cannot read IP mode file for wolfSSL.I-CUBE-wolfSSL.5.5.4
2025-05-19 19:30:18,955 [WARN] PackLoader:240 - Cannot read IP mode file for STMicroelectronics.X-CUBE-FREERTOS.1.3.1
2025-05-19 19:30:18,961 [WARN] PackLoader:240 - Cannot read IP mode file for STMicroelectronics.X-CUBE-FREERTOS.1.3.0
2025-05-19 19:30:18,970 [WARN] PackLoader:240 - Cannot read IP mode file for STMicroelectronics.X-CUBE-NFC7.1.0.1
2025-05-19 19:30:18,980 [WARN] PackLoader:240 - Cannot read IP mode file for STMicroelectronics.X-CUBE-NFC7.1.0.0
2025-05-19 19:30:18,990 [WARN] PackLoader:240 - Cannot read IP mode file for STMicroelectronics.X-CUBE-EEPRMA1.4.1.0
2025-05-19 19:30:19,000 [WARN] PackLoader:240 - Cannot read IP mode file for STMicroelectronics.X-CUBE-DPower.1.3.0
2025-05-19 19:30:19,046 [WARN] ConditionMgr:438 - getConditionDescription Invalid condition id : LAN8742 Phy interface Condition cause : null
2025-05-19 19:30:19,047 [WARN] PackLoader:240 - Cannot read IP mode file for STMicroelectronics.X-CUBE-AZRTOS-L4.2.0.0
2025-05-19 19:30:19,049 [WARN] ConditionMgr:1044 - genDependencies : Invalid condition id : LAN8742 Phy interface Condition cause : null
2025-05-19 19:30:19,049 [WARN] ConditionMgr:1044 - genDependencies : Invalid condition id : LAN8742 Phy interface Condition cause : null
2025-05-19 19:30:19,049 [WARN] ConditionMgr:1044 - genDependencies : Invalid condition id : LAN8742 Phy interface Condition cause : null
2025-05-19 19:30:19,061 [WARN] PackLoader:240 - Cannot read IP mode file for STMicroelectronics.X-CUBE-SFXS2LP1.4.0.0
2025-05-19 19:30:19,088 [WARN] PackLoader:240 - Cannot read IP mode file for STMicroelectronics.X-CUBE-AZRTOS-H7.3.0.0
2025-05-19 19:30:19,097 [WARN] PackLoader:240 - Cannot read IP mode file for STMicroelectronics.X-CUBE-ISPU.1.1.0
2025-05-19 19:30:19,119 [WARN] PackLoader:240 - Cannot read IP mode file for STMicroelectronics.X-CUBE-AZRTOS-H7.3.3.0
2025-05-19 19:30:19,130 [WARN] PackLoader:240 - Cannot read IP mode file for RoweBots.I-CUBE-UNISONRTOS.5.5.0-4
2025-05-19 19:30:19,134 [WARN] PackLoader:240 - Cannot read IP mode file for STMicroelectronics.X-CUBE-AI.8.0.0
2025-05-19 19:30:19,146 [WARN] ConditionMgr:438 - getConditionDescription Invalid condition id : UX DEVICE CLASS RTOS Condition cause : null
2025-05-19 19:30:19,147 [WARN] ConditionMgr:438 - getConditionDescription Invalid condition id : UX DEVICE CLASS RTOS Condition cause : null
2025-05-19 19:30:19,148 [WARN] PackLoader:240 - Cannot read IP mode file for STMicroelectronics.X-CUBE-AZRTOS-WB.2.0.0
2025-05-19 19:30:19,149 [WARN] ConditionMgr:1044 - genDependencies : Invalid condition id : UX DEVICE CLASS RTOS Condition cause : null
2025-05-19 19:30:19,149 [WARN] ConditionMgr:1044 - genDependencies : Invalid condition id : UX DEVICE CLASS RTOS Condition cause : null
2025-05-19 19:30:19,149 [WARN] ConditionMgr:1044 - genDependencies : Invalid condition id : UX DEVICE CLASS RTOS Condition cause : null
2025-05-19 19:30:19,149 [WARN] ConditionMgr:1044 - genDependencies : Invalid condition id : UX DEVICE CLASS RTOS Condition cause : null
2025-05-19 19:30:19,149 [WARN] ConditionMgr:1044 - genDependencies : Invalid condition id : UX DEVICE CLASS RTOS Condition cause : null
2025-05-19 19:30:19,154 [WARN] PackLoader:240 - Cannot read IP mode file for STMicroelectronics.X-CUBE-FREERTOS.1.0.0
2025-05-19 19:30:19,158 [WARN] PackLoader:240 - Cannot read IP mode file for STMicroelectronics.X-CUBE-GNSS1.7.0.1
2025-05-19 19:30:19,165 [WARN] PackLoader:240 - Cannot read IP mode file for STMicroelectronics.X-CUBE-TOUCHGFX.4.25.0
2025-05-19 19:30:19,171 [WARN] PackLoader:240 - Cannot read IP mode file for STMicroelectronics.FP-SNS-STBOX1.2.0.0
2025-05-19 19:30:19,185 [WARN] PackLoader:240 - Cannot read IP mode file for STMicroelectronics.X-CUBE-AZRTOS-L5.1.1.0
2025-05-19 19:30:19,196 [WARN] PackLoader:240 - Cannot read IP mode file for STMicroelectronics.X-CUBE-SUBG2.5.0.0
2025-05-19 19:30:19,220 [WARN] PackLoader:240 - Cannot read IP mode file for STMicroelectronics.X-CUBE-AZRTOS-H7RS.1.1.0
2025-05-19 19:30:19,227 [WARN] PackLoader:240 - Cannot read IP mode file for Cesanta.I-CUBE-Mongoose.7.13.0
2025-05-19 19:30:19,230 [INFO] WebApp:463 - Apply proxy settings
2025-05-19 19:30:19,230 [INFO] WebApp:548 - Chromium requires no authentication
2025-05-19 19:30:19,239 [WARN] PackLoader:240 - Cannot read IP mode file for STMicroelectronics.X-CUBE-AZRTOS-G4.2.0.0
2025-05-19 19:30:19,240 [INFO] WebApp:491 - Direct internet connection detected
2025-05-19 19:30:19,244 [WARN] PackLoader:240 - Cannot read IP mode file for STMicroelectronics.FP-ATR-ASTRA1.1.1.1
2025-05-19 19:30:19,249 [WARN] PackLoader:240 - Cannot read IP mode file for wolfSSL.I-CUBE-wolfSSH.1.4.20
2025-05-19 19:30:19,252 [WARN] PackLoader:240 - Cannot read IP mode file for STMicroelectronics.X-CUBE-NFC7.2.0.0
2025-05-19 19:30:19,265 [WARN] PackLoader:240 - Cannot read IP mode file for STMicroelectronics.X-CUBE-AZRTOS-G4.1.0.0
2025-05-19 19:30:19,269 [INFO] WebApp:894 - Register for checkConnection events
2025-05-19 19:30:19,269 [INFO] WebApp:463 - Apply proxy settings
2025-05-19 19:30:19,269 [INFO] WebApp:548 - Chromium requires no authentication
2025-05-19 19:30:19,270 [INFO] WebApp:491 - Direct internet connection detected
2025-05-19 19:30:19,279 [WARN] PackLoader:240 - Cannot read IP mode file for STMicroelectronics.X-CUBE-AZRTOS-L4.1.0.0
2025-05-19 19:30:19,290 [WARN] PackLoader:240 - Cannot read IP mode file for STMicroelectronics.X-CUBE-IPS.3.1.0
2025-05-19 19:30:19,299 [WARN] PackLoader:240 - Cannot read IP mode file for STMicroelectronics.X-CUBE-ALS.1.0.2
2025-05-19 19:30:19,312 [WARN] PackLoader:240 - Cannot read IP mode file for STMicroelectronics.X-CUBE-AZRTOS-WL.1.0.0
2025-05-19 19:30:19,320 [WARN] PackLoader:240 - Cannot read IP mode file for portGmbH.I-Cube-SoM-uGOAL.1.1.0
2025-05-19 19:30:19,323 [WARN] PackLoader:240 - Cannot read IP mode file for STMicroelectronics.X-CUBE-ALS.1.0.1
2025-05-19 19:30:19,332 [WARN] PackLoader:240 - Cannot read IP mode file for STMicroelectronics.X-CUBE-AZRTOS-WB.1.1.0
2025-05-19 19:30:19,341 [WARN] PackLoader:240 - Cannot read IP mode file for STMicroelectronics.X-CUBE-TOF1.3.4.2
2025-05-19 19:30:19,356 [WARN] PackLoader:240 - Cannot read IP mode file for STMicroelectronics.X-CUBE-TOF1.3.4.3
2025-05-19 19:30:19,363 [INFO] ThirdParty:978 - Integrity check success = true
2025-05-19 19:30:19,363 [INFO] IntegrityCheckThread:100 - exiting critical section [integrity check]
2025-05-19 19:30:19,363 [INFO] IntegrityCheckThread:103 - End integrity checks thread
2025-05-19 19:30:19,503 [INFO] WebApp:225 - Starting web application
2025-05-19 19:30:19,503 [INFO] WebApp:593 - Web application path used C:\ST\STM32CubeIDE_1.18.0\STM32CubeIDE\plugins\com.st.stm32cube.common.mx_6.14.0.202502271554\db\plugins\mcufinder\reactClient1\index.html
2025-05-19 19:30:19,504 [INFO] WebApp:191 - Connection restablished
2025-05-19 23:00:20,987 [ERROR] LogOutputStream:75 - [STDERR_REDIRECT] 
